<?xml version="1.0" encoding="utf-8" standalone="no"?>
<test-run id="0" runstate="Runnable" testcasecount="21" result="Passed" total="21" passed="21" failed="0" warnings="0" inconclusive="0" skipped="0" asserts="35" engine-version="3.19.2.0" clr-version="4.0.30319.42000" start-time="2026-08-24 13:17:49Z" end-time="2026-08-24 13:17:50Z" duration="1.409802">
  <command-line><![CDATA["C:\Users\jam40\AppData\Local\Temp\claude\D--Code-GitHub-sodium\836153ca-5027-4a3d-a53c-a276b89071d1\scratchpad\nunit-tools\extracted\tools\nunit3-console.exe" D:\Code\GitHub\sodium\dotnet\src\Sodium\Async\CSharp\Sodium.Frp.Async.Tests\bin\Debug\Sodium.Frp.Async.Tests.dll]]></command-line>
  <test-suite type="Assembly" id="1-1023" name="Sodium.Frp.Async.Tests.dll" fullname="Sodium.Frp.Async.Tests.dll" runstate="Runnable" testcasecount="21" result="Passed" start-time="2026-08-24 13:17:49Z" end-time="2026-08-24 13:17:50Z" duration="0.863318" total="21" passed="21" failed="0" warnings="0" inconclusive="0" skipped="0" asserts="35">
    <environment framework-version="3.11.0.0" clr-version="4.0.30319.42000" os-version="Microsoft Windows NT 10.0.26200.0" platform="Win32NT" cwd="D:\Code\GitHub\sodium\dotnet\src\Sodium\Async\CSharp\Sodium.Frp.Async.Tests" machine-name="HOMEDESKTOP2019" user="jam40" user-domain="HOMEDESKTOP2019" culture="en-US" uiculture="en-US" os-architecture="x64" />
    <settings>
      <setting name="DisposeRunners" value="True" />
      <setting name="WorkDirectory" value="D:\Code\GitHub\sodium\dotnet\src\Sodium\Async\CSharp\Sodium.Frp.Async.Tests" />
      <setting name="ImageRuntimeVersion" value="4.0.30319" />
      <setting name="ImageTargetFrameworkName" value=".NETFramework,Version=v4.7.2" />
      <setting name="ImageRequiresX86" value="False" />
      <setting name="ImageRequiresDefaultAppDomainAssemblyResolver" value="False" />
      <setting name="TargetRuntimeFramework" value="net-4.7.2" />
      <setting name="NumberOfTestWorkers" value="8" />
    </settings>
    <properties>
      <property name="_PID" value="37160" />
      <property name="_APPDOMAIN" value="domain-" />
    </properties>
    <test-suite type="TestSuite" id="1-1024" name="Sodium" fullname="Sodium" runstate="Runnable" testcasecount="21" result="Passed" start-time="2026-08-24 13:17:49Z" end-time="2026-08-24 13:17:50Z" duration="0.849820" total="21" passed="21" failed="0" warnings="0" inconclusive="0" skipped="0" asserts="35">
      <test-suite type="TestSuite" id="1-1025" name="Frp" fullname="Sodium.Frp" runstate="Runnable" testcasecount="21" result="Passed" start-time="2026-08-24 13:17:49Z" end-time="2026-08-24 13:17:50Z" duration="0.849523" total="21" passed="21" failed="0" warnings="0" inconclusive="0" skipped="0" asserts="35">
        <test-suite type="TestSuite" id="1-1026" name="Async" fullname="Sodium.Frp.Async" runstate="Runnable" testcasecount="21" result="Passed" start-time="2026-08-24 13:17:49Z" end-time="2026-08-24 13:17:50Z" duration="0.849515" total="21" passed="21" failed="0" warnings="0" inconclusive="0" skipped="0" asserts="35">
          <test-suite type="TestSuite" id="1-1027" name="Tests" fullname="Sodium.Frp.Async.Tests" runstate="Runnable" testcasecount="21" result="Passed" start-time="2026-08-24 13:17:49Z" end-time="2026-08-24 13:17:50Z" duration="0.849511" total="21" passed="21" failed="0" warnings="0" inconclusive="0" skipped="0" asserts="35">
            <test-suite type="TestFixture" id="1-1000" name="AsyncConcurrencyStrategyTests" fullname="Sodium.Frp.Async.Tests.AsyncConcurrencyStrategyTests" classname="Sodium.Frp.Async.Tests.AsyncConcurrencyStrategyTests" runstate="Runnable" testcasecount="6" result="Passed" start-time="2026-08-24 13:17:49Z" end-time="2026-08-24 13:17:49Z" duration="0.243095" total="6" passed="6" failed="0" warnings="0" inconclusive="0" skipped="0" asserts="10">
              <test-case id="1-1006" name="CustomStrategy_ViaUnitShorthandBase_Works" fullname="Sodium.Frp.Async.Tests.AsyncConcurrencyStrategyTests.CustomStrategy_ViaUnitShorthandBase_Works" methodname="CustomStrategy_ViaUnitShorthandBase_Works" classname="Sodium.Frp.Async.Tests.AsyncConcurrencyStrategyTests" runstate="Runnable" seed="1682508488" result="Passed" start-time="2026-08-24 13:17:49Z" end-time="2026-08-24 13:17:49Z" duration="0.095976" asserts="1" />
              <test-case id="1-1001" name="Parallel_BothStartImmediatelyAndPublishInCompletionOrder" fullname="Sodium.Frp.Async.Tests.AsyncConcurrencyStrategyTests.Parallel_BothStartImmediatelyAndPublishInCompletionOrder" methodname="Parallel_BothStartImmediatelyAndPublishInCompletionOrder" classname="Sodium.Frp.Async.Tests.AsyncConcurrencyStrategyTests" runstate="Runnable" seed="1395410290" result="Passed" start-time="2026-08-24 13:17:49Z" end-time="2026-08-24 13:17:49Z" duration="0.016760" asserts="1" />
              <test-case id="1-1005" name="Parallel_Queue_SwitchLatest_EachReturnTheSameCachedInstanceEveryCall" fullname="Sodium.Frp.Async.Tests.AsyncConcurrencyStrategyTests.Parallel_Queue_SwitchLatest_EachReturnTheSameCachedInstanceEveryCall" methodname="Parallel_Queue_SwitchLatest_EachReturnTheSameCachedInstanceEveryCall" classname="Sodium.Frp.Async.Tests.AsyncConcurrencyStrategyTests" runstate="Runnable" seed="1386244410" result="Passed" start-time="2026-08-24 13:17:49Z" end-time="2026-08-24 13:17:49Z" duration="0.000581" asserts="3" />
              <test-case id="1-1002" name="Queue_SecondDoesNotStartUntilFirstCompletes" fullname="Sodium.Frp.Async.Tests.AsyncConcurrencyStrategyTests.Queue_SecondDoesNotStartUntilFirstCompletes" methodname="Queue_SecondDoesNotStartUntilFirstCompletes" classname="Sodium.Frp.Async.Tests.AsyncConcurrencyStrategyTests" runstate="Runnable" seed="1057383569" result="Passed" start-time="2026-08-24 13:17:49Z" end-time="2026-08-24 13:17:49Z" duration="0.002675" asserts="2" />
              <test-case id="1-1003" name="QueuePerGroup_DifferentGroupsRunConcurrentlyButSameGroupSerializes" fullname="Sodium.Frp.Async.Tests.AsyncConcurrencyStrategyTests.QueuePerGroup_DifferentGroupsRunConcurrentlyButSameGroupSerializes" methodname="QueuePerGroup_DifferentGroupsRunConcurrentlyButSameGroupSerializes" classname="Sodium.Frp.Async.Tests.AsyncConcurrencyStrategyTests" runstate="Runnable" seed="1835825819" result="Passed" start-time="2026-08-24 13:17:49Z" end-time="2026-08-24 13:17:49Z" duration="0.009169" asserts="2" />
              <test-case id="1-1004" name="SwitchLatest_SupersededRunIsNeverPublished" fullname="Sodium.Frp.Async.Tests.AsyncConcurrencyStrategyTests.SwitchLatest_SupersededRunIsNeverPublished" methodname="SwitchLatest_SupersededRunIsNeverPublished" classname="Sodium.Frp.Async.Tests.AsyncConcurrencyStrategyTests" runstate="Runnable" seed="2059477961" result="Passed" start-time="2026-08-24 13:17:49Z" end-time="2026-08-24 13:17:49Z" duration="0.108737" asserts="1" />
            </test-suite>
            <test-suite type="TestFixture" id="1-1007" name="MapAsyncExtensionsTests" fullname="Sodium.Frp.Async.Tests.MapAsyncExtensionsTests" classname="Sodium.Frp.Async.Tests.MapAsyncExtensionsTests" runstate="Runnable" testcasecount="15" result="Passed" start-time="2026-08-24 13:17:49Z" end-time="2026-08-24 13:17:50Z" duration="0.601280" total="15" passed="15" failed="0" warnings="0" inconclusive="0" skipped="0" asserts="25">
              <test-case id="1-1017" name="CancelAll_CancelsEveryTrackedOperation" fullname="Sodium.Frp.Async.Tests.MapAsyncExtensionsTests.CancelAll_CancelsEveryTrackedOperation" methodname="CancelAll_CancelsEveryTrackedOperation" classname="Sodium.Frp.Async.Tests.MapAsyncExtensionsTests" runstate="Runnable" seed="711329731" result="Passed" start-time="2026-08-24 13:17:49Z" end-time="2026-08-24 13:17:50Z" duration="0.210981" asserts="1" />
              <test-case id="1-1018" name="CancelMatching_CancelsOnlyTrackedOperationsForMatchingInputValues" fullname="Sodium.Frp.Async.Tests.MapAsyncExtensionsTests.CancelMatching_CancelsOnlyTrackedOperationsForMatchingInputValues" methodname="CancelMatching_CancelsOnlyTrackedOperationsForMatchingInputValues" classname="Sodium.Frp.Async.Tests.MapAsyncExtensionsTests" runstate="Runnable" seed="2085950835" result="Passed" start-time="2026-08-24 13:17:50Z" end-time="2026-08-24 13:17:50Z" duration="0.116438" asserts="1" />
              <test-case id="1-1020" name="CancelOnDisposeFalse_LetsInFlightItemFinishAndPublish" fullname="Sodium.Frp.Async.Tests.MapAsyncExtensionsTests.CancelOnDisposeFalse_LetsInFlightItemFinishAndPublish" methodname="CancelOnDisposeFalse_LetsInFlightItemFinishAndPublish" classname="Sodium.Frp.Async.Tests.MapAsyncExtensionsTests" runstate="Runnable" seed="314725064" result="Passed" start-time="2026-08-24 13:17:50Z" end-time="2026-08-24 13:17:50Z" duration="0.000781" asserts="1" />
              <test-case id="1-1019" name="CancelOnDisposeTrue_CancelsInFlightItem" fullname="Sodium.Frp.Async.Tests.MapAsyncExtensionsTests.CancelOnDisposeTrue_CancelsInFlightItem" methodname="CancelOnDisposeTrue_CancelsInFlightItem" classname="Sodium.Frp.Async.Tests.MapAsyncExtensionsTests" runstate="Runnable" seed="634690777" result="Passed" start-time="2026-08-24 13:17:50Z" end-time="2026-08-24 13:17:50Z" duration="0.201054" asserts="1" />
              <test-case id="1-1021" name="FailedOperationPublishesToErrors" fullname="Sodium.Frp.Async.Tests.MapAsyncExtensionsTests.FailedOperationPublishesToErrors" methodname="FailedOperationPublishesToErrors" classname="Sodium.Frp.Async.Tests.MapAsyncExtensionsTests" runstate="Runnable" seed="1098496744" result="Passed" start-time="2026-08-24 13:17:50Z" end-time="2026-08-24 13:17:50Z" duration="0.001166" asserts="1" />
              <test-case id="1-1022" name="ItemsAndIsRunning_ReflectQueuedAndRunningStatus" fullname="Sodium.Frp.Async.Tests.MapAsyncExtensionsTests.ItemsAndIsRunning_ReflectQueuedAndRunningStatus" methodname="ItemsAndIsRunning_ReflectQueuedAndRunningStatus" classname="Sodium.Frp.Async.Tests.MapAsyncExtensionsTests" runstate="Runnable" seed="803704323" result="Passed" start-time="2026-08-24 13:17:50Z" end-time="2026-08-24 13:17:50Z" duration="0.002343" asserts="4" />
              <test-case id="1-1014" name="MapAsync_FourTypeArgsWithInputConverterOnly_AppliesInputConverter" fullname="Sodium.Frp.Async.Tests.MapAsyncExtensionsTests.MapAsync_FourTypeArgsWithInputConverterOnly_AppliesInputConverter" methodname="MapAsync_FourTypeArgsWithInputConverterOnly_AppliesInputConverter" classname="Sodium.Frp.Async.Tests.MapAsyncExtensionsTests" runstate="Runnable" seed="1272273491" result="Passed" start-time="2026-08-24 13:17:50Z" end-time="2026-08-24 13:17:50Z" duration="0.016912" asserts="2" />
              <test-case id="1-1013" name="MapAsync_FourTypeArgsWithoutConverters_AcceptsBothAsSubtypes" fullname="Sodium.Frp.Async.Tests.MapAsyncExtensionsTests.MapAsync_FourTypeArgsWithoutConverters_AcceptsBothAsSubtypes" methodname="MapAsync_FourTypeArgsWithoutConverters_AcceptsBothAsSubtypes" classname="Sodium.Frp.Async.Tests.MapAsyncExtensionsTests" runstate="Runnable" seed="2044780187" result="Passed" start-time="2026-08-24 13:17:50Z" end-time="2026-08-24 13:17:50Z" duration="0.004960" asserts="1" />
              <test-case id="1-1015" name="MapAsync_FourTypeArgsWithResultConverterOnly_AppliesResultConverter" fullname="Sodium.Frp.Async.Tests.MapAsyncExtensionsTests.MapAsync_FourTypeArgsWithResultConverterOnly_AppliesResultConverter" methodname="MapAsync_FourTypeArgsWithResultConverterOnly_AppliesResultConverter" classname="Sodium.Frp.Async.Tests.MapAsyncExtensionsTests" runstate="Runnable" seed="291260598" result="Passed" start-time="2026-08-24 13:17:50Z" end-time="2026-08-24 13:17:50Z" duration="0.014043" asserts="2" />
              <test-case id="1-1016" name="MapAsync_FullyGeneralOverload_AppliesBothConvertersToUnrelatedTypes" fullname="Sodium.Frp.Async.Tests.MapAsyncExtensionsTests.MapAsync_FullyGeneralOverload_AppliesBothConvertersToUnrelatedTypes" methodname="MapAsync_FullyGeneralOverload_AppliesBothConvertersToUnrelatedTypes" classname="Sodium.Frp.Async.Tests.MapAsyncExtensionsTests" runstate="Runnable" seed="1554527928" result="Passed" start-time="2026-08-24 13:17:50Z" end-time="2026-08-24 13:17:50Z" duration="0.014236" asserts="3" />
              <test-case id="1-1010" name="MapAsync_TStrategyInputWithConverter_AppliesInputConverter" fullname="Sodium.Frp.Async.Tests.MapAsyncExtensionsTests.MapAsync_TStrategyInputWithConverter_AppliesInputConverter" methodname="MapAsync_TStrategyInputWithConverter_AppliesInputConverter" classname="Sodium.Frp.Async.Tests.MapAsyncExtensionsTests" runstate="Runnable" seed="1257029403" result="Passed" start-time="2026-08-24 13:17:50Z" end-time="2026-08-24 13:17:50Z" duration="0.003783" asserts="2" />
              <test-case id="1-1009" name="MapAsync_TStrategyInputWithoutConverter_AcceptsTInputAsSubtypeOfTStrategyInput" fullname="Sodium.Frp.Async.Tests.MapAsyncExtensionsTests.MapAsync_TStrategyInputWithoutConverter_AcceptsTInputAsSubtypeOfTStrategyInput" methodname="MapAsync_TStrategyInputWithoutConverter_AcceptsTInputAsSubtypeOfTStrategyInput" classname="Sodium.Frp.Async.Tests.MapAsyncExtensionsTests" runstate="Runnable" seed="1356652778" result="Passed" start-time="2026-08-24 13:17:50Z" end-time="2026-08-24 13:17:50Z" duration="0.005510" asserts="2" />
              <test-case id="1-1012" name="MapAsync_TStrategyResultWithConverter_AppliesResultConverter" fullname="Sodium.Frp.Async.Tests.MapAsyncExtensionsTests.MapAsync_TStrategyResultWithConverter_AppliesResultConverter" methodname="MapAsync_TStrategyResultWithConverter_AppliesResultConverter" classname="Sodium.Frp.Async.Tests.MapAsyncExtensionsTests" runstate="Runnable" seed="1917756052" result="Passed" start-time="2026-08-24 13:17:50Z" end-time="2026-08-24 13:17:50Z" duration="0.004273" asserts="2" />
              <test-case id="1-1011" name="MapAsync_TStrategyResultWithoutConverter_AcceptsTResultAsSubtypeOfTStrategyResult" fullname="Sodium.Frp.Async.Tests.MapAsyncExtensionsTests.MapAsync_TStrategyResultWithoutConverter_AcceptsTResultAsSubtypeOfTStrategyResult" methodname="MapAsync_TStrategyResultWithoutConverter_AcceptsTResultAsSubtypeOfTStrategyResult" classname="Sodium.Frp.Async.Tests.MapAsyncExtensionsTests" runstate="Runnable" seed="936716613" result="Passed" start-time="2026-08-24 13:17:50Z" end-time="2026-08-24 13:17:50Z" duration="0.003845" asserts="1" />
              <test-case id="1-1008" name="MapAsync_UnitErasedStrategy_Overload" fullname="Sodium.Frp.Async.Tests.MapAsyncExtensionsTests.MapAsync_UnitErasedStrategy_Overload" methodname="MapAsync_UnitErasedStrategy_Overload" classname="Sodium.Frp.Async.Tests.MapAsyncExtensionsTests" runstate="Runnable" seed="2035377048" result="Passed" start-time="2026-08-24 13:17:50Z" end-time="2026-08-24 13:17:50Z" duration="0.000549" asserts="1" />
            </test-suite>
          </test-suite>
        </test-suite>
      </test-suite>
    </test-suite>
  </test-suite>
</test-run>